<?xml version="1.0" encoding="UTF-8"?>
<testng-results skipped="0" failed="0" total="2" passed="2">
  <reporter-output>
  </reporter-output>
  <suite name="Default suite" duration-ms="62701" started-at="2018-07-03T14:48:42Z" finished-at="2018-07-03T14:49:45Z">
    <groups>
    </groups>
    <test name="Default test" duration-ms="62701" started-at="2018-07-03T14:48:42Z" finished-at="2018-07-03T14:49:45Z">
      <class name="SauceLabsTests.SauceLabTests.GoogleSearch">
        <test-method status="PASS" signature="setup()[pri:0, instance:SauceLabsTests.SauceLabTests.GoogleSearch@3444d69d]" name="setup" is-config="true" duration-ms="26547" started-at="2018-07-03T20:18:42Z" finished-at="2018-07-03T20:19:09Z">
          <reporter-output>
          </reporter-output>
        </test-method> <!-- setup -->
        <test-method status="PASS" signature="changeSearchCriterion()[pri:0, instance:SauceLabsTests.SauceLabTests.GoogleSearch@3444d69d]" name="changeSearchCriterion" duration-ms="10993" started-at="2018-07-03T20:19:09Z" finished-at="2018-07-03T20:19:20Z">
          <reporter-output>
          </reporter-output>
        </test-method> <!-- changeSearchCriterion -->
        <test-method status="PASS" signature="tearDown()[pri:0, instance:SauceLabsTests.SauceLabTests.GoogleSearch@3444d69d]" name="tearDown" is-config="true" duration-ms="634" started-at="2018-07-03T20:19:20Z" finished-at="2018-07-03T20:19:21Z">
          <reporter-output>
          </reporter-output>
        </test-method> <!-- tearDown -->
        <test-method status="PASS" signature="setup()[pri:0, instance:SauceLabsTests.SauceLabTests.GoogleSearch@3444d69d]" name="setup" is-config="true" duration-ms="17006" started-at="2018-07-03T20:19:21Z" finished-at="2018-07-03T20:19:38Z">
          <reporter-output>
          </reporter-output>
        </test-method> <!-- setup -->
        <test-method status="PASS" signature="searchGoogle()[pri:0, instance:SauceLabsTests.SauceLabTests.GoogleSearch@3444d69d]" name="searchGoogle" duration-ms="7041" started-at="2018-07-03T20:19:38Z" finished-at="2018-07-03T20:19:45Z">
          <reporter-output>
          </reporter-output>
        </test-method> <!-- searchGoogle -->
        <test-method status="PASS" signature="tearDown()[pri:0, instance:SauceLabsTests.SauceLabTests.GoogleSearch@3444d69d]" name="tearDown" is-config="true" duration-ms="440" started-at="2018-07-03T20:19:45Z" finished-at="2018-07-03T20:19:45Z">
          <reporter-output>
          </reporter-output>
        </test-method> <!-- tearDown -->
        <test-method status="PASS" signature="getReport()[pri:0, instance:SauceLabsTests.SauceLabTests.GoogleSearch@3444d69d]" name="getReport" is-config="true" duration-ms="660" started-at="2018-07-03T20:19:45Z" finished-at="2018-07-03T20:19:46Z">
          <reporter-output>
          </reporter-output>
        </test-method> <!-- getReport -->
      </class> <!-- SauceLabsTests.SauceLabTests.GoogleSearch -->
    </test> <!-- Default test -->
  </suite> <!-- Default suite -->
</testng-results>
